<?xml version="1.0" encoding="UTF-8" ?>
<testsuite tests="19" failures="0" name="cz.muni.fi.pv168.pv168project.app.LessonManagerTest" time="17.292" errors="0" skipped="0">
  <properties>
[...]
</properties>
  <testcase classname="cz.muni.fi.pv168.pv168project.app.LessonManagerTest" name="deleteLessonWithSqlExceptionThrown" time="14.348"/>
  <testcase classname="cz.muni.fi.pv168.pv168project.app.LessonManagerTest" name="findAllLessonsWithSqlExceptionThrown" time="0.001"/>
  <testcase classname="cz.muni.fi.pv168.pv168project.app.LessonManagerTest" name="createLessonWithSqlExceptionThrown" time="0.001"/>
  <testcase classname="cz.muni.fi.pv168.pv168project.app.LessonManagerTest" name="createLessonWithNegativePrice" time="0.007"/>
  <testcase classname="cz.muni.fi.pv168.pv168project.app.LessonManagerTest" name="createLessonWithNegativeSkill" time="0.116"/>
  <testcase classname="cz.muni.fi.pv168.pv168project.app.LessonManagerTest" name="makeMatchWithHighSkillStudent" time="0.068"/>
  <testcase classname="cz.muni.fi.pv168.pv168project.app.LessonManagerTest" name="makeMatchWithBadCountryStudent" time="0.106"/>
  <testcase classname="cz.muni.fi.pv168.pv168project.app.LessonManagerTest" name="updateLessonPrice" time="0.535"/>
  <testcase classname="cz.muni.fi.pv168.pv168project.app.LessonManagerTest" name="getLessonIdWithSqlExceptionThrown" time="0.057"/>
  <testcase classname="cz.muni.fi.pv168.pv168project.app.LessonManagerTest" name="getLessonStudentWithSqlExceptionThrown" time="0.074"/>
  <testcase classname="cz.muni.fi.pv168.pv168project.app.LessonManagerTest" name="makeMatchWithSqlExceptionThrown" time="0.077"/>
  <testcase classname="cz.muni.fi.pv168.pv168project.app.LessonManagerTest" name="matchForTeacherValid" time="0.097"/>
  <testcase classname="cz.muni.fi.pv168.pv168project.app.LessonManagerTest" name="matchForStudentValid" time="0.082"/>
  <testcase classname="cz.muni.fi.pv168.pv168project.app.LessonManagerTest" name="matchForStudentIsNull" time="0.062"/>
  <testcase classname="cz.muni.fi.pv168.pv168project.app.LessonManagerTest" name="createLesson" time="0.154"/>
  <testcase classname="cz.muni.fi.pv168.pv168project.app.LessonManagerTest" name="createLessonWithNullRegion" time="0.067"/>
  <testcase classname="cz.muni.fi.pv168.pv168project.app.LessonManagerTest" name="makeMatchWithLowPriceStudent" time="0.066"/>
  <testcase classname="cz.muni.fi.pv168.pv168project.app.LessonManagerTest" name="makeMatchValid" time="0.088"/>
  <testcase classname="cz.muni.fi.pv168.pv168project.app.LessonManagerTest" name="updateLessonRegion" time="0.085"/>
</testsuite>