<?xml version="1.0" encoding="UTF-8" ?>
<testsuite tests="19" failures="0" name="cz.muni.fi.pv168.pv168project.app.LessonManagerTest" time="4.257" errors="0" skipped="0">
  <properties>
[...]
</properties>
  <testcase classname="cz.muni.fi.pv168.pv168project.app.LessonManagerTest" name="deleteLessonWithSqlExceptionThrown" time="2.018"/>
  <testcase classname="cz.muni.fi.pv168.pv168project.app.LessonManagerTest" name="findAllLessonsWithSqlExceptionThrown" time="0.148"/>
  <testcase classname="cz.muni.fi.pv168.pv168project.app.LessonManagerTest" name="createLessonWithSqlExceptionThrown" time="0.171"/>
  <testcase classname="cz.muni.fi.pv168.pv168project.app.LessonManagerTest" name="createLessonWithNegativePrice" time="0.139"/>
  <testcase classname="cz.muni.fi.pv168.pv168project.app.LessonManagerTest" name="createLessonWithNegativeSkill" time="0.143"/>
  <testcase classname="cz.muni.fi.pv168.pv168project.app.LessonManagerTest" name="makeMatchWithHighSkillStudent" time="0.072"/>
  <testcase classname="cz.muni.fi.pv168.pv168project.app.LessonManagerTest" name="makeMatchWithBadCountryStudent" time="0.069"/>
  <testcase classname="cz.muni.fi.pv168.pv168project.app.LessonManagerTest" name="updateLessonPrice" time="0.166"/>
  <testcase classname="cz.muni.fi.pv168.pv168project.app.LessonManagerTest" name="getLessonIdWithSqlExceptionThrown" time="0.086"/>
  <testcase classname="cz.muni.fi.pv168.pv168project.app.LessonManagerTest" name="getLessonStudentWithSqlExceptionThrown" time="0.151"/>
  <testcase classname="cz.muni.fi.pv168.pv168project.app.LessonManagerTest" name="makeMatchWithSqlExceptionThrown" time="0.16"/>
  <testcase classname="cz.muni.fi.pv168.pv168project.app.LessonManagerTest" name="matchForTeacherValid" time="0.117"/>
  <testcase classname="cz.muni.fi.pv168.pv168project.app.LessonManagerTest" name="matchForStudentValid" time="0.173"/>
  <testcase classname="cz.muni.fi.pv168.pv168project.app.LessonManagerTest" name="matchForStudentIsNull" time="0.08"/>
  <testcase classname="cz.muni.fi.pv168.pv168project.app.LessonManagerTest" name="createLesson" time="0.14"/>
  <testcase classname="cz.muni.fi.pv168.pv168project.app.LessonManagerTest" name="createLessonWithNullRegion" time="0.097"/>
  <testcase classname="cz.muni.fi.pv168.pv168project.app.LessonManagerTest" name="makeMatchWithLowPriceStudent" time="0.075"/>
  <testcase classname="cz.muni.fi.pv168.pv168project.app.LessonManagerTest" name="makeMatchValid" time="0.078"/>
  <testcase classname="cz.muni.fi.pv168.pv168project.app.LessonManagerTest" name="updateLessonRegion" time="0.07"/>
</testsuite>