<?xml version="1.0" encoding="UTF-8" ?>
<testsuite tests="24" failures="0" name="cz.muni.fi.pv168.pv168project.app.StudentManagerTest" time="1.282" errors="0" skipped="0">
  <properties>
[...]
</properties>
  <testcase classname="cz.muni.fi.pv168.pv168project.app.StudentManagerTest" name="findAllStudentsWithSqlExceptionThrown" time="0.165"/>
  <testcase classname="cz.muni.fi.pv168.pv168project.app.StudentManagerTest" name="deleteStudent" time="0.083"/>
  <testcase classname="cz.muni.fi.pv168.pv168project.app.StudentManagerTest" name="deleteStudentWithSqlExceptionThrown" time="0.054"/>
  <testcase classname="cz.muni.fi.pv168.pv168project.app.StudentManagerTest" name="updateStudentWithNullId" time="0.035"/>
  <testcase classname="cz.muni.fi.pv168.pv168project.app.StudentManagerTest" name="createStudentWithExistingId" time="0.033"/>
  <testcase classname="cz.muni.fi.pv168.pv168project.app.StudentManagerTest" name="updateNullStudent" time="0.027"/>
  <testcase classname="cz.muni.fi.pv168.pv168project.app.StudentManagerTest" name="createStudentWithSqlExceptionThrown" time="0.037"/>
  <testcase classname="cz.muni.fi.pv168.pv168project.app.StudentManagerTest" name="updateStudentRegion" time="0.049"/>
  <testcase classname="cz.muni.fi.pv168.pv168project.app.StudentManagerTest" name="updateStudentLevel" time="0.097"/>
  <testcase classname="cz.muni.fi.pv168.pv168project.app.StudentManagerTest" name="updateStudentPrice" time="0.059"/>
  <testcase classname="cz.muni.fi.pv168.pv168project.app.StudentManagerTest" name="findAllStudents" time="0.068"/>
  <testcase classname="cz.muni.fi.pv168.pv168project.app.StudentManagerTest" name="deleteNullStudent" time="0.03"/>
  <testcase classname="cz.muni.fi.pv168.pv168project.app.StudentManagerTest" name="deleteStudentWithNullId" time="0.037"/>
  <testcase classname="cz.muni.fi.pv168.pv168project.app.StudentManagerTest" name="updateStudentWithSqlExceptionThrown" time="0.048"/>
  <testcase classname="cz.muni.fi.pv168.pv168project.app.StudentManagerTest" name="createStudentWithNullRegion" time="0.03"/>
  <testcase classname="cz.muni.fi.pv168.pv168project.app.StudentManagerTest" name="createStudent" time="0.039"/>
  <testcase classname="cz.muni.fi.pv168.pv168project.app.StudentManagerTest" name="getStudentWithSqlExceptionThrown" time="0.039"/>
  <testcase classname="cz.muni.fi.pv168.pv168project.app.StudentManagerTest" name="createNullStudent" time="0.028"/>
  <testcase classname="cz.muni.fi.pv168.pv168project.app.StudentManagerTest" name="createStudentWithNullName" time="0.037"/>
  <testcase classname="cz.muni.fi.pv168.pv168project.app.StudentManagerTest" name="deleteStudentWithNonExistingId" time="0.117"/>
  <testcase classname="cz.muni.fi.pv168.pv168project.app.StudentManagerTest" name="updateStudentPriceToNegative" time="0.042"/>
  <testcase classname="cz.muni.fi.pv168.pv168project.app.StudentManagerTest" name="updateStudentName" time="0.049"/>
  <testcase classname="cz.muni.fi.pv168.pv168project.app.StudentManagerTest" name="createStudentWithNegativeLevel" time="0.029"/>
  <testcase classname="cz.muni.fi.pv168.pv168project.app.StudentManagerTest" name="createStudentWithNegativePrice" time="0.033"/>
</testsuite>