<?xml version="1.0" encoding="UTF-8" ?>
<testsuite tests="24" failures="0" name="cz.muni.fi.pv168.pv168project.app.StudentManagerTest" time="2.085" errors="0" skipped="0">
  <properties>
[...]
</properties>
  <testcase classname="cz.muni.fi.pv168.pv168project.app.StudentManagerTest" name="findAllStudentsWithSqlExceptionThrown" time="0.345"/>
  <testcase classname="cz.muni.fi.pv168.pv168project.app.StudentManagerTest" name="deleteStudent" time="0.116"/>
  <testcase classname="cz.muni.fi.pv168.pv168project.app.StudentManagerTest" name="deleteStudentWithSqlExceptionThrown" time="0.051"/>
  <testcase classname="cz.muni.fi.pv168.pv168project.app.StudentManagerTest" name="updateStudentWithNullId" time="0.066"/>
  <testcase classname="cz.muni.fi.pv168.pv168project.app.StudentManagerTest" name="createStudentWithExistingId" time="0.033"/>
  <testcase classname="cz.muni.fi.pv168.pv168project.app.StudentManagerTest" name="updateNullStudent" time="0.049"/>
  <testcase classname="cz.muni.fi.pv168.pv168project.app.StudentManagerTest" name="createStudentWithSqlExceptionThrown" time="0.27"/>
  <testcase classname="cz.muni.fi.pv168.pv168project.app.StudentManagerTest" name="updateStudentRegion" time="0"/>
  <testcase classname="cz.muni.fi.pv168.pv168project.app.StudentManagerTest" name="updateStudentLevel" time="0"/>
  <testcase classname="cz.muni.fi.pv168.pv168project.app.StudentManagerTest" name="updateStudentPrice" time="0.15"/>
  <testcase classname="cz.muni.fi.pv168.pv168project.app.StudentManagerTest" name="findAllStudents" time="0.482"/>
  <testcase classname="cz.muni.fi.pv168.pv168project.app.StudentManagerTest" name="deleteNullStudent" time="0.058"/>
  <testcase classname="cz.muni.fi.pv168.pv168project.app.StudentManagerTest" name="deleteStudentWithNullId" time="0"/>
  <testcase classname="cz.muni.fi.pv168.pv168project.app.StudentManagerTest" name="updateStudentWithSqlExceptionThrown" time="0.017"/>
  <testcase classname="cz.muni.fi.pv168.pv168project.app.StudentManagerTest" name="createStudentWithNullRegion" time="0.034"/>
  <testcase classname="cz.muni.fi.pv168.pv168project.app.StudentManagerTest" name="createStudent" time="0.034"/>
  <testcase classname="cz.muni.fi.pv168.pv168project.app.StudentManagerTest" name="getStudentWithSqlExceptionThrown" time="0.092"/>
  <testcase classname="cz.muni.fi.pv168.pv168project.app.StudentManagerTest" name="createNullStudent" time="0"/>
  <testcase classname="cz.muni.fi.pv168.pv168project.app.StudentManagerTest" name="createStudentWithNullName" time="0.065"/>
  <testcase classname="cz.muni.fi.pv168.pv168project.app.StudentManagerTest" name="deleteStudentWithNonExistingId" time="0.063"/>
  <testcase classname="cz.muni.fi.pv168.pv168project.app.StudentManagerTest" name="updateStudentPriceToNegative" time="0.016"/>
  <testcase classname="cz.muni.fi.pv168.pv168project.app.StudentManagerTest" name="updateStudentName" time="0.085"/>
  <testcase classname="cz.muni.fi.pv168.pv168project.app.StudentManagerTest" name="createStudentWithNegativeLevel" time="0.011"/>
  <testcase classname="cz.muni.fi.pv168.pv168project.app.StudentManagerTest" name="createStudentWithNegativePrice" time="0.047"/>
</testsuite>